<?xml version="1.0" encoding="UTF-8"?>
<!-- Generated by org.testng.reporters.JUnitReportReporter -->
<testsuite hostname="CDC2-D-5JJPXH2" name="iron.NewTest2" tests="2" failures="0" timestamp="24 Jun 2019 08:59:37 GMT" time="0.004" errors="0">
  <testcase name="login" time="0.001" classname="iron.NewTest2"/>
  <testcase name="login" time="0.003" classname="iron.NewTest2"/>
</testsuite> <!-- iron.NewTest2 -->
