<?xml version="1.0" encoding="UTF-8"?>
<!-- Generated by org.testng.reporters.JUnitReportReporter -->
<testsuite hostname="CDC2-D-5JJPXH2" name="iron.dataprovider" tests="1" failures="0" timestamp="24 Jun 2019 08:59:37 GMT" time="0.002" errors="0">
  <testcase name="f" time="0.002" classname="iron.dataprovider"/>
</testsuite> <!-- iron.dataprovider -->
