<?xml version="1.0" encoding="UTF-8"?>
<!-- Generated by org.testng.reporters.JUnitReportReporter -->
<testsuite hostname="CDC2-D-5JJPXH2" name="iron.NewTest1" tests="2" failures="0" timestamp="24 Jun 2019 08:59:37 GMT" time="0.016" errors="0">
  <testcase name="search" time="0.006" classname="iron.NewTest1"/>
  <testcase name="login" time="0.010" classname="iron.NewTest1"/>
</testsuite> <!-- iron.NewTest1 -->
